[debug] [2024-01-14T03:04:36.819Z] ----------------------------------------------------------------------
[debug] [2024-01-14T03:04:36.823Z] Command:       C:\Program Files\nodejs\node.exe C:\Program Files\nodejs\node_modules\firebase-tools\lib\bin\firebase.js init
[debug] [2024-01-14T03:04:36.824Z] CLI Version:   13.0.3
[debug] [2024-01-14T03:04:36.824Z] Platform:      win32
[debug] [2024-01-14T03:04:36.824Z] Node Version:  v20.9.0
[debug] [2024-01-14T03:04:36.825Z] Time:          Sun Jan 14 2024 10:04:36 GMT+0700 (Western Indonesia Time)
[debug] [2024-01-14T03:04:36.825Z] ----------------------------------------------------------------------
[debug] 
[debug] [2024-01-14T03:04:36.835Z] > command requires scopes: ["email","openid","https://www.googleapis.com/auth/cloudplatformprojects.readonly","https://www.googleapis.com/auth/firebase","https://www.googleapis.com/auth/cloud-platform"]
[debug] [2024-01-14T03:04:36.836Z] > authorizing via signed-in user (mattarannaufal@gmail.com)
[info] 
     ######## #### ########  ######## ########     ###     ######  ########
     ##        ##  ##     ## ##       ##     ##  ##   ##  ##       ##
     ######    ##  ########  ######   ########  #########  ######  ######
     ##        ##  ##    ##  ##       ##     ## ##     ##       ## ##
     ##       #### ##     ## ######## ########  ##     ##  ######  ########

You're about to initialize a Firebase project in this directory:

  C:\Attar\code\project\sewago-ui

Before we get started, keep in mind:

  * You are currently outside your home directory

[info] 
=== Project Setup
[info] 
[info] First, let's associate this project directory with a Firebase project.
[info] You can create multiple project aliases by running firebase use --add, 
[info] but for now we'll just set up a default project.
[info] 
[debug] [2024-01-14T03:04:55.911Z] >>> [apiv2][query] GET https://firebase.googleapis.com/v1beta1/projects pageSize=100
[debug] [2024-01-14T03:04:56.836Z] <<< [apiv2][status] GET https://firebase.googleapis.com/v1beta1/projects 200
[debug] [2024-01-14T03:04:56.836Z] <<< [apiv2][body] GET https://firebase.googleapis.com/v1beta1/projects [omitted]
[info] i  Using project sewago-6b835 (SewaGo) 
[info] 
=== Firestore Setup
[debug] [2024-01-14T03:05:09.766Z] >>> [apiv2][query] GET https://serviceusage.googleapis.com/v1/projects/sewago-6b835/services/firestore.googleapis.com [none]
[debug] [2024-01-14T03:05:09.766Z] >>> [apiv2][(partial)header] GET https://serviceusage.googleapis.com/v1/projects/sewago-6b835/services/firestore.googleapis.com x-goog-quota-user=projects/sewago-6b835
[debug] [2024-01-14T03:05:11.456Z] <<< [apiv2][status] GET https://serviceusage.googleapis.com/v1/projects/sewago-6b835/services/firestore.googleapis.com 200
[debug] [2024-01-14T03:05:11.457Z] <<< [apiv2][body] GET https://serviceusage.googleapis.com/v1/projects/sewago-6b835/services/firestore.googleapis.com [omitted]
[debug] [2024-01-14T03:05:11.457Z] >>> [apiv2][query] GET https://firestore.googleapis.com/v1/projects/sewago-6b835/databases/(default) [none]
[debug] [2024-01-14T03:05:11.773Z] <<< [apiv2][status] GET https://firestore.googleapis.com/v1/projects/sewago-6b835/databases/(default) 200
[debug] [2024-01-14T03:05:11.774Z] <<< [apiv2][body] GET https://firestore.googleapis.com/v1/projects/sewago-6b835/databases/(default) {"name":"projects/sewago-6b835/databases/(default)","uid":"33402375-5053-4264-9cd2-aa90a86b79b3","createTime":"2024-01-10T12:04:27.536059Z","updateTime":"2024-01-10T12:04:27.536059Z","locationId":"asia-southeast2","type":"FIRESTORE_NATIVE","concurrencyMode":"PESSIMISTIC","versionRetentionPeriod":"3600s","earliestVersionTime":"2024-01-14T02:05:13.260860Z","appEngineIntegrationMode":"DISABLED","keyPrefix":"zet","pointInTimeRecoveryEnablement":"POINT_IN_TIME_RECOVERY_DISABLED","deleteProtectionState":"DELETE_PROTECTION_DISABLED","etag":"IOHJ39Py24MDMPe2yYv314MD"}
[debug] [2024-01-14T03:05:11.774Z] database_type: FIRESTORE_NATIVE
[debug] [2024-01-14T03:05:11.774Z] > command requires scopes: ["email","openid","https://www.googleapis.com/auth/cloudplatformprojects.readonly","https://www.googleapis.com/auth/firebase","https://www.googleapis.com/auth/cloud-platform"]
[debug] [2024-01-14T03:05:11.774Z] > authorizing via signed-in user (mattarannaufal@gmail.com)
[debug] [2024-01-14T03:05:11.774Z] [iam] checking project sewago-6b835 for permissions ["firebase.projects.get"]
[debug] [2024-01-14T03:05:11.775Z] >>> [apiv2][query] POST https://cloudresourcemanager.googleapis.com/v1/projects/sewago-6b835:testIamPermissions [none]
[debug] [2024-01-14T03:05:11.775Z] >>> [apiv2][(partial)header] POST https://cloudresourcemanager.googleapis.com/v1/projects/sewago-6b835:testIamPermissions x-goog-quota-user=projects/sewago-6b835
[debug] [2024-01-14T03:05:11.775Z] >>> [apiv2][body] POST https://cloudresourcemanager.googleapis.com/v1/projects/sewago-6b835:testIamPermissions {"permissions":["firebase.projects.get"]}
[debug] [2024-01-14T03:05:13.036Z] <<< [apiv2][status] POST https://cloudresourcemanager.googleapis.com/v1/projects/sewago-6b835:testIamPermissions 200
[debug] [2024-01-14T03:05:13.037Z] <<< [apiv2][body] POST https://cloudresourcemanager.googleapis.com/v1/projects/sewago-6b835:testIamPermissions {"permissions":["firebase.projects.get"]}
[info] 
[info] Firestore Security Rules allow you to define how and when to allow
[info] requests. You can keep these rules in your project directory
[info] and publish them with firebase deploy.
[info] 
[debug] [2024-01-14T03:05:17.570Z] >>> [apiv2][query] GET https://firebaserules.googleapis.com/v1/projects/sewago-6b835/releases pageSize=10&pageToken=
[debug] [2024-01-14T03:05:19.124Z] <<< [apiv2][status] GET https://firebaserules.googleapis.com/v1/projects/sewago-6b835/releases 200
[debug] [2024-01-14T03:05:19.124Z] <<< [apiv2][body] GET https://firebaserules.googleapis.com/v1/projects/sewago-6b835/releases {"releases":[{"name":"projects/sewago-6b835/releases/cloud.firestore","rulesetName":"projects/sewago-6b835/rulesets/1de089db-284f-46a3-9f34-2dc91a722579","createTime":"2024-01-10T12:04:34.083255Z","updateTime":"2024-01-10T12:04:34.083255Z"},{"name":"projects/sewago-6b835/releases/firebase.storage/sewago-6b835.appspot.com","rulesetName":"projects/sewago-6b835/rulesets/9273c146-1101-4621-8557-74440bc47837","createTime":"2024-01-12T13:14:03.572202Z","updateTime":"2024-01-13T12:52:48.720764Z"}]}
[debug] [2024-01-14T03:05:19.172Z] Found ruleset: projects/sewago-6b835/rulesets/1de089db-284f-46a3-9f34-2dc91a722579
[debug] [2024-01-14T03:05:19.173Z] >>> [apiv2][query] GET https://firebaserules.googleapis.com/v1/projects/sewago-6b835/rulesets/1de089db-284f-46a3-9f34-2dc91a722579 [none]
[debug] [2024-01-14T03:05:19.554Z] <<< [apiv2][status] GET https://firebaserules.googleapis.com/v1/projects/sewago-6b835/rulesets/1de089db-284f-46a3-9f34-2dc91a722579 200
[debug] [2024-01-14T03:05:19.555Z] <<< [apiv2][body] GET https://firebaserules.googleapis.com/v1/projects/sewago-6b835/rulesets/1de089db-284f-46a3-9f34-2dc91a722579 [omitted]
[info] 
[info] Firestore indexes allow you to perform complex queries while
[info] maintaining performance that scales with the size of the result
[info] set. You can keep index definitions in your project directory
[info] and publish them with firebase deploy.
[info] 
[debug] [2024-01-14T03:05:22.354Z] >>> [apiv2][query] GET https://firestore.googleapis.com/v1/projects/sewago-6b835/databases/(default)/collectionGroups/-/indexes [none]
[debug] [2024-01-14T03:05:22.357Z] >>> [apiv2][query] GET https://firestore.googleapis.com/v1/projects/sewago-6b835/databases/(default)/collectionGroups/-/fields?filter=indexConfig.usesAncestorConfig=false OR ttlConfig:* [none]
[debug] [2024-01-14T03:05:22.608Z] <<< [apiv2][status] GET https://firestore.googleapis.com/v1/projects/sewago-6b835/databases/(default)/collectionGroups/-/fields?filter=indexConfig.usesAncestorConfig=false OR ttlConfig:* 200
[debug] [2024-01-14T03:05:22.608Z] <<< [apiv2][body] GET https://firestore.googleapis.com/v1/projects/sewago-6b835/databases/(default)/collectionGroups/-/fields?filter=indexConfig.usesAncestorConfig=false OR ttlConfig:* {"fields":[{"name":"projects/sewago-6b835/databases/(default)/collectionGroups/__default__/fields/*","indexConfig":{"indexes":[{"queryScope":"COLLECTION","fields":[{"fieldPath":"*","order":"ASCENDING"}],"state":"READY"},{"queryScope":"COLLECTION","fields":[{"fieldPath":"*","order":"DESCENDING"}],"state":"READY"},{"queryScope":"COLLECTION","fields":[{"fieldPath":"*","arrayConfig":"CONTAINS"}],"state":"READY"}]}}]}
[debug] [2024-01-14T03:05:22.609Z] <<< [apiv2][status] GET https://firestore.googleapis.com/v1/projects/sewago-6b835/databases/(default)/collectionGroups/-/indexes 200
[debug] [2024-01-14T03:05:22.609Z] <<< [apiv2][body] GET https://firestore.googleapis.com/v1/projects/sewago-6b835/databases/(default)/collectionGroups/-/indexes {}
[info] 
=== Hosting Setup
[debug] [2024-01-14T03:05:22.613Z] >>> [apiv2][query] GET https://firebase.googleapis.com/v1beta1/projects/sewago-6b835 [none]
[debug] [2024-01-14T03:05:23.421Z] <<< [apiv2][status] GET https://firebase.googleapis.com/v1beta1/projects/sewago-6b835 200
[debug] [2024-01-14T03:05:23.421Z] <<< [apiv2][body] GET https://firebase.googleapis.com/v1beta1/projects/sewago-6b835 {"projectId":"sewago-6b835","projectNumber":"586074031971","displayName":"SewaGo","name":"projects/sewago-6b835","resources":{"hostingSite":"sewago-6b835","storageBucket":"sewago-6b835.appspot.com","locationId":"asia-southeast2"},"state":"ACTIVE","etag":"1_d30a6686-076a-4fd2-92e6-352ebaea4eae"}
[info] 
[info] Your public directory is the folder (relative to your project directory) that
[info] will contain Hosting assets to be uploaded with firebase deploy. If you
[info] have a build process for your assets, use your build's output directory.
[info] 
[info] +  Wrote public/404.html 
[debug] [2024-01-14T03:05:36.962Z] >>> [apiv2][query] GET https://www.gstatic.com/firebasejs/releases.json [none]
[debug] [2024-01-14T03:05:37.246Z] <<< [apiv2][status] GET https://www.gstatic.com/firebasejs/releases.json 200
[debug] [2024-01-14T03:05:37.246Z] <<< [apiv2][body] GET https://www.gstatic.com/firebasejs/releases.json {"current":{"version":"10.7.1","browserURL":"https://www.gstatic.com/firebasejs/10.7.1/firebase.js","packageURL":"https://www.gstatic.com/firebasejs/10.7.1/firebase.tgz"},"live":{"version":"10.7","browserURL":"https://www.gstatic.com/firebasejs/live/10.7/firebase.js","packageURL":"https://www.gstatic.com/firebasejs/live/10.7/firebase.tgz"},"components":{"analytics":"https://www.gstatic.com/firebasejs/10.7.1/firebase-analytics.js","app":"https://www.gstatic.com/firebasejs/10.7.1/firebase-app.js","app-check":"https://www.gstatic.com/firebasejs/10.7.1/firebase-app-check.js","auth":"https://www.gstatic.com/firebasejs/10.7.1/firebase-auth.js","auth/cordova":"https://www.gstatic.com/firebasejs/10.7.1/firebase-auth/cordova.js","functions":"https://www.gstatic.com/firebasejs/10.7.1/firebase-functions.js","firestore":"https://www.gstatic.com/firebasejs/10.7.1/firebase-firestore.js","firestore/lite":"https://www.gstatic.com/firebasejs/10.7.1/firebase-firestore/lite.js","installations":"https://www.gstatic.com/firebasejs/10.7.1/firebase-installations.js","storage":"https://www.gstatic.com/firebasejs/10.7.1/firebase-storage.js","performance":"https://www.gstatic.com/firebasejs/10.7.1/firebase-performance.js","remote-config":"https://www.gstatic.com/firebasejs/10.7.1/firebase-remote-config.js","messaging":"https://www.gstatic.com/firebasejs/10.7.1/firebase-messaging.js","messaging/sw":"https://www.gstatic.com/firebasejs/10.7.1/firebase-messaging/sw.js","database":"https://www.gstatic.com/firebasejs/10.7.1/firebase-database.js","firestore.memory":"https://www.gstatic.com/firebasejs/10.7.1/firebase-firestore.memory.js"}}
[info] +  Wrote public/index.html 
[info] 
=== Storage Setup
[info] 
[info] Firebase Storage Security Rules allow you to define how and when to allow
[info] uploads and downloads. You can keep these rules in your project directory
[info] and publish them with firebase deploy.
[info] 
